GL: NPOT texture support is available
Base: Start application main loop
usernum : 0 -> 1
parent post num :  -> 
usernum : 1 -> 0
parent post num :  -> 
usernum : 0 -> 2
parent post num :  -> 
parent post num :  -> 
usernum : 2 -> 0
parent post num :  -> 
Base: Leaving application in progress...

stderr: Traceback (most recent call last):
stderr:   File "d:\MyWork\Language_Chan_App\main.py", line 13, in <module>
stderr:     from login_screen import loginscreen
stderr:   File "d:\MyWork\Language_Chan_App\login_screen.py", line 7, in <module>
stderr:     from db_interface import userDBinter
stderr:   File "d:\MyWork\Language_Chan_App\db_interface.py", line 114, in <module>
stderr:     userDBinter = UserDBInterface()
stderr:                   ^^^^^^^^^^^^^^^^^
stderr:   File "d:\MyWork\Language_Chan_App\db_interface.py", line 38, in __init__
stderr:     super().__init__(db_folder + "user.db", None)
stderr:   File "d:\MyWork\Language_Chan_App\db_interface.py", line 10, in __init__
stderr:     self.conn = sqlite3.connect(path, isolation_level=isolvl)
stderr:                 ^^^^^^^^^^^^^^^^^^^^^^^^^^^^^^^^^^^^^^^^^^^^^
stderr: sqlite3.OperationalError: unable to open database file
stderr: Exception ignored in: <function DBInterface.__del__ at 0x0000023CFEFCE0C0>
stderr: Traceback (most recent call last):
stderr:   File "d:\MyWork\Language_Chan_App\db_interface.py", line 14, in __del__
stderr:     self.cur.close()
stderr:     ^^^^^^^^
stderr: AttributeError: 'UserDBInterface' object has no attribute 'cur'
